<?xml version="1.0" encoding="UTF-8"?>
<!-- Generated by org.testng.reporters.JUnitXMLReporter -->
<testsuite ignored="0" hostname="DESKTOP-MCS3M3G" failures="1" tests="3" name="Adjecti Testcase" time="26.886" errors="0" timestamp="2022-11-17T10:19:08 IST">
  <testcase classname="testCase.AdjectiWebsite" name="headerHeading" time="0.065"/>
  <testcase classname="testCase.AdjectiWebsite" name="matchTitle" time="0.015"/>
  <testcase classname="testCase.AdjectiWebsite" name="matchUrl" time="0.011">
    <failure type="java.lang.AssertionError" message="Url is mismatch expected [https://adjecti.com/home.html] but found [http://demo.adjecti.com:7010/web/adjecti/home.html]">
      <![CDATA[java.lang.AssertionError: Url is mismatch expected [https://adjecti.com/home.html] but found [http://demo.adjecti.com:7010/web/adjecti/home.html]
at testCase.AdjectiWebsite.matchUrl(AdjectiWebsite.java:62)
at java.base/java.util.ArrayList.forEach(ArrayList.java:1511)
... Removed 31 stack frames]]>
    </failure>
  </testcase> <!-- matchUrl -->
</testsuite> <!-- Adjecti Testcase -->
